<?xml version="1.0" encoding="UTF-8"?>
<!-- Generated by org.testng.reporters.JUnitReportReporter -->
<testsuite skipped="0" hostname="intel" name="testcases.ValidLoginTest" tests="1" failures="0" timestamp="23 Jun 2019 07:28:03 GMT" time="106.965" errors="0">
  <testcase name="logintest" time="106.965" classname="testcases.ValidLoginTest"/>
</testsuite> <!-- testcases.ValidLoginTest -->
